# JRE version: OpenJDK Runtime Environment (8.0_242-b01) (build 1.8.0_242-release-1644-b01)
# Java VM: OpenJDK 64-Bit Server VM (25.242-b01 mixed mode windows-amd64 compressed oops)
Heap:
 PSYoungGen      total 122368K, used 66685K [0x00000000e0000000, 0x00000000eb300000, 0x0000000100000000)
  eden space 111104K, 60% used [0x00000000e0000000,0x00000000e411f468,0x00000000e6c80000)
  from space 11264K, 0% used [0x00000000e6c80000,0x00000000e6c80000,0x00000000e7780000)
  to   space 12800K, 0% used [0x00000000ea680000,0x00000000ea680000,0x00000000eb300000)
 ParOldGen       total 57856K, used 18400K [0x00000000a0000000, 0x00000000a3880000, 0x00000000e0000000)
  object space 57856K, 31% used [0x00000000a0000000,0x00000000a11f8368,0x00000000a3880000)
 Metaspace       used 42241K, capacity 43172K, committed 43392K, reserved 1087488K
  class space    used 5694K, capacity 5952K, committed 6016K, reserved 1048576K
GC Heap History (10 events):
Event: 5.602 GC heap before
{Heap before GC invocations=7 (full 1):
 PSYoungGen      total 75264K, used 7313K [0x00000000e0000000, 0x00000000e5400000, 0x0000000100000000)
  eden space 65536K, 0% used [0x00000000e0000000,0x00000000e0000000,0x00000000e4000000)
  from space 9728K, 75% used [0x00000000e4a80000,0x00000000e51a4708,0x00000000e5400000)
  to   space 10240K, 0% used [0x00000000e4000000,0x00000000e4000000,0x00000000e4a00000)
 ParOldGen       total 86016K, used 8604K [0x00000000a0000000, 0x00000000a5400000, 0x00000000e0000000)
  object space 86016K, 10% used [0x00000000a0000000,0x00000000a08672b8,0x00000000a5400000)
 Metaspace       used 20650K, capacity 21116K, committed 21296K, reserved 1067008K
  class space    used 2926K, capacity 3114K, committed 3200K, reserved 1048576K
Event: 5.650 GC heap after
Heap after GC invocations=7 (full 1):
 PSYoungGen      total 75264K, used 0K [0x00000000e0000000, 0x00000000e5400000, 0x0000000100000000)
  eden space 65536K, 0% used [0x00000000e0000000,0x00000000e0000000,0x00000000e4000000)
  from space 9728K, 0% used [0x00000000e4a80000,0x00000000e4a80000,0x00000000e5400000)
  to   space 10240K, 0% used [0x00000000e4000000,0x00000000e4000000,0x00000000e4a00000)
 ParOldGen       total 57856K, used 10873K [0x00000000a0000000, 0x00000000a3880000, 0x00000000e0000000)
  object space 57856K, 18% used [0x00000000a0000000,0x00000000a0a9e728,0x00000000a3880000)
 Metaspace       used 20650K, capacity 21116K, committed 21296K, reserved 1067008K
  class space    used 2926K, capacity 3114K, committed 3200K, reserved 1048576K
}
Event: 6.560 GC heap before
{Heap before GC invocations=8 (full 1):
 PSYoungGen      total 75264K, used 65536K [0x00000000e0000000, 0x00000000e5400000, 0x0000000100000000)
  eden space 65536K, 100% used [0x00000000e0000000,0x00000000e4000000,0x00000000e4000000)
  from space 9728K, 0% used [0x00000000e4a80000,0x00000000e4a80000,0x00000000e5400000)
  to   space 10240K, 0% used [0x00000000e4000000,0x00000000e4000000,0x00000000e4a00000)
 ParOldGen       total 57856K, used 10873K [0x00000000a0000000, 0x00000000a3880000, 0x00000000e0000000)
  object space 57856K, 18% used [0x00000000a0000000,0x00000000a0a9e728,0x00000000a3880000)
 Metaspace       used 28758K, capacity 29280K, committed 29440K, reserved 1075200K
  class space    used 3879K, capacity 4082K, committed 4096K, reserved 1048576K
Event: 6.571 GC heap after
Heap after GC invocations=8 (full 1):
 PSYoungGen      total 75776K, used 8101K [0x00000000e0000000, 0x00000000e8200000, 0x0000000100000000)
  eden space 65536K, 0% used [0x00000000e0000000,0x00000000e0000000,0x00000000e4000000)
  from space 10240K, 79% used [0x00000000e4000000,0x00000000e47e94a0,0x00000000e4a00000)
  to   space 10752K, 0% used [0x00000000e7780000,0x00000000e7780000,0x00000000e8200000)
 ParOldGen       total 57856K, used 10881K [0x00000000a0000000, 0x00000000a3880000, 0x00000000e0000000)
  object space 57856K, 18% used [0x00000000a0000000,0x00000000a0aa0728,0x00000000a3880000)
 Metaspace       used 28758K, capacity 29280K, committed 29440K, reserved 1075200K
  class space    used 3879K, capacity 4082K, committed 4096K, reserved 1048576K
}
Event: 7.365 GC heap before
{Heap before GC invocations=9 (full 1):
 PSYoungGen      total 75776K, used 73637K [0x00000000e0000000, 0x00000000e8200000, 0x0000000100000000)
  eden space 65536K, 100% used [0x00000000e0000000,0x00000000e4000000,0x00000000e4000000)
  from space 10240K, 79% used [0x00000000e4000000,0x00000000e47e94a0,0x00000000e4a00000)
  to   space 10752K, 0% used [0x00000000e7780000,0x00000000e7780000,0x00000000e8200000)
 ParOldGen       total 57856K, used 10881K [0x00000000a0000000, 0x00000000a3880000, 0x00000000e0000000)
  object space 57856K, 18% used [0x00000000a0000000,0x00000000a0aa0728,0x00000000a3880000)
 Metaspace       used 31843K, capacity 32414K, committed 32512K, reserved 1077248K
  class space    used 4383K, capacity 4572K, committed 4608K, reserved 1048576K
Event: 7.385 GC heap after
Heap after GC invocations=9 (full 1):
 PSYoungGen      total 121856K, used 8966K [0x00000000e0000000, 0x00000000e8380000, 0x0000000100000000)
  eden space 111104K, 0% used [0x00000000e0000000,0x00000000e0000000,0x00000000e6c80000)
  from space 10752K, 83% used [0x00000000e7780000,0x00000000e8041bd0,0x00000000e8200000)
  to   space 11264K, 0% used [0x00000000e6c80000,0x00000000e6c80000,0x00000000e7780000)
 ParOldGen       total 57856K, used 10889K [0x00000000a0000000, 0x00000000a3880000, 0x00000000e0000000)
  object space 57856K, 18% used [0x00000000a0000000,0x00000000a0aa2728,0x00000000a3880000)
 Metaspace       used 31843K, capacity 32414K, committed 32512K, reserved 1077248K
  class space    used 4383K, capacity 4572K, committed 4608K, reserved 1048576K
}
Event: 8.227 GC heap before
{Heap before GC invocations=10 (full 1):
 PSYoungGen      total 121856K, used 71519K [0x00000000e0000000, 0x00000000e8380000, 0x0000000100000000)
  eden space 111104K, 56% used [0x00000000e0000000,0x00000000e3d16050,0x00000000e6c80000)
  from space 10752K, 83% used [0x00000000e7780000,0x00000000e8041bd0,0x00000000e8200000)
  to   space 11264K, 0% used [0x00000000e6c80000,0x00000000e6c80000,0x00000000e7780000)
 ParOldGen       total 57856K, used 10889K [0x00000000a0000000, 0x00000000a3880000, 0x00000000e0000000)
  object space 57856K, 18% used [0x00000000a0000000,0x00000000a0aa2728,0x00000000a3880000)
 Metaspace       used 34588K, capacity 35416K, committed 35456K, reserved 1079296K
  class space    used 4755K, capacity 4991K, committed 4992K, reserved 1048576K
Event: 8.239 GC heap after
Heap after GC invocations=10 (full 1):
 PSYoungGen      total 122368K, used 11242K [0x00000000e0000000, 0x00000000eb300000, 0x0000000100000000)
  eden space 111104K, 0% used [0x00000000e0000000,0x00000000e0000000,0x00000000e6c80000)
  from space 11264K, 99% used [0x00000000e6c80000,0x00000000e777aac8,0x00000000e7780000)
  to   space 12800K, 0% used [0x00000000ea680000,0x00000000ea680000,0x00000000eb300000)
 ParOldGen       total 57856K, used 11578K [0x00000000a0000000, 0x00000000a3880000, 0x00000000e0000000)
  object space 57856K, 20% used [0x00000000a0000000,0x00000000a0b4e838,0x00000000a3880000)
 Metaspace       used 34588K, capacity 35416K, committed 35456K, reserved 1079296K
  class space    used 4755K, capacity 4991K, committed 4992K, reserved 1048576K
}
Event: 8.239 GC heap before
{Heap before GC invocations=11 (full 2):
 PSYoungGen      total 122368K, used 11242K [0x00000000e0000000, 0x00000000eb300000, 0x0000000100000000)
  eden space 111104K, 0% used [0x00000000e0000000,0x00000000e0000000,0x00000000e6c80000)
  from space 11264K, 99% used [0x00000000e6c80000,0x00000000e777aac8,0x00000000e7780000)
  to   space 12800K, 0% used [0x00000000ea680000,0x00000000ea680000,0x00000000eb300000)
 ParOldGen       total 57856K, used 11578K [0x00000000a0000000, 0x00000000a3880000, 0x00000000e0000000)
  object space 57856K, 20% used [0x00000000a0000000,0x00000000a0b4e838,0x00000000a3880000)
 Metaspace       used 34588K, capacity 35416K, committed 35456K, reserved 1079296K
  class space    used 4755K, capacity 4991K, committed 4992K, reserved 1048576K
Event: 8.304 GC heap after
Heap after GC invocations=11 (full 2):
 PSYoungGen      total 122368K, used 0K [0x00000000e0000000, 0x00000000eb300000, 0x0000000100000000)
  eden space 111104K, 0% used [0x00000000e0000000,0x00000000e0000000,0x00000000e6c80000)
  from space 11264K, 0% used [0x00000000e6c80000,0x00000000e6c80000,0x00000000e7780000)
  to   space 12800K, 0% used [0x00000000ea680000,0x00000000ea680000,0x00000000eb300000)
 ParOldGen       total 57856K, used 18400K [0x00000000a0000000, 0x00000000a3880000, 0x00000000e0000000)
  object space 57856K, 31% used [0x00000000a0000000,0x00000000a11f8368,0x00000000a3880000)
 Metaspace       used 34566K, capacity 35344K, committed 35456K, reserved 1079296K
  class space    used 4748K, capacity 4979K, committed 4992K, reserved 1048576K
}

